Determining if the pthread_create exist failed with the following output:
Change Dir: /disk2/my_trt/my_version/pose/openpose/build/CMakeFiles/CMakeTmp

Run Build Command:"/usr/bin/make" "cmTC_bac3d/fast"
/usr/bin/make -f CMakeFiles/cmTC_bac3d.dir/build.make CMakeFiles/cmTC_bac3d.dir/build
make[1]: Entering directory '/disk2/my_trt/my_version/pose/openpose/build/CMakeFiles/CMakeTmp'
Building C object CMakeFiles/cmTC_bac3d.dir/CheckSymbolExists.c.o
/usr/bin/cc   -fPIC    -o CMakeFiles/cmTC_bac3d.dir/CheckSymbolExists.c.o   -c /disk2/my_trt/my_version/pose/openpose/build/CMakeFiles/CMakeTmp/CheckSymbolExists.c
Linking C executable cmTC_bac3d
/usr/local/bin/cmake -E cmake_link_script CMakeFiles/cmTC_bac3d.dir/link.txt --verbose=1
/usr/bin/cc -fPIC     -rdynamic CMakeFiles/cmTC_bac3d.dir/CheckSymbolExists.c.o  -o cmTC_bac3d 
CMakeFiles/cmTC_bac3d.dir/CheckSymbolExists.c.o: In function `main':
CheckSymbolExists.c:(.text+0x1b): undefined reference to `pthread_create'
collect2: error: ld returned 1 exit status
CMakeFiles/cmTC_bac3d.dir/build.make:86: recipe for target 'cmTC_bac3d' failed
make[1]: *** [cmTC_bac3d] Error 1
make[1]: Leaving directory '/disk2/my_trt/my_version/pose/openpose/build/CMakeFiles/CMakeTmp'
Makefile:121: recipe for target 'cmTC_bac3d/fast' failed
make: *** [cmTC_bac3d/fast] Error 2

File /disk2/my_trt/my_version/pose/openpose/build/CMakeFiles/CMakeTmp/CheckSymbolExists.c:
/* */
#include <pthread.h>

int main(int argc, char** argv)
{
  (void)argv;
#ifndef pthread_create
  return ((int*)(&pthread_create))[argc];
#else
  (void)argc;
  return 0;
#endif
}

Determining if the function pthread_create exists in the pthreads failed with the following output:
Change Dir: /disk2/my_trt/my_version/pose/openpose/build/CMakeFiles/CMakeTmp

Run Build Command:"/usr/bin/make" "cmTC_ec722/fast"
/usr/bin/make -f CMakeFiles/cmTC_ec722.dir/build.make CMakeFiles/cmTC_ec722.dir/build
make[1]: Entering directory '/disk2/my_trt/my_version/pose/openpose/build/CMakeFiles/CMakeTmp'
Building C object CMakeFiles/cmTC_ec722.dir/CheckFunctionExists.c.o
/usr/bin/cc   -fPIC -DCHECK_FUNCTION_EXISTS=pthread_create   -o CMakeFiles/cmTC_ec722.dir/CheckFunctionExists.c.o   -c /usr/local/share/cmake-3.13/Modules/CheckFunctionExists.c
Linking C executable cmTC_ec722
/usr/local/bin/cmake -E cmake_link_script CMakeFiles/cmTC_ec722.dir/link.txt --verbose=1
/usr/bin/cc -fPIC -DCHECK_FUNCTION_EXISTS=pthread_create    -rdynamic CMakeFiles/cmTC_ec722.dir/CheckFunctionExists.c.o  -o cmTC_ec722 -lpthreads 
/usr/bin/ld: cannot find -lpthreads
collect2: error: ld returned 1 exit status
CMakeFiles/cmTC_ec722.dir/build.make:86: recipe for target 'cmTC_ec722' failed
make[1]: *** [cmTC_ec722] Error 1
make[1]: Leaving directory '/disk2/my_trt/my_version/pose/openpose/build/CMakeFiles/CMakeTmp'
Makefile:121: recipe for target 'cmTC_ec722/fast' failed
make: *** [cmTC_ec722/fast] Error 2


